{"/Users/heatherray/Desktop/RPP-2205/Atelier/client/src/sum.js": {"path":"/Users/heatherray/Desktop/RPP-2205/Atelier/client/src/sum.js","statementMap":{"0":{"start":{"line":1,"column":12},"end":{"line":3,"column":1}},"1":{"start":{"line":2,"column":2},"end":{"line":2,"column":15}},"2":{"start":{"line":5,"column":0},"end":{"line":7,"column":2}}},"fnMap":{"0":{"name":"(anonymous_0)","decl":{"start":{"line":1,"column":12},"end":{"line":1,"column":13}},"loc":{"start":{"line":1,"column":22},"end":{"line":3,"column":1}},"line":1}},"branchMap":{},"s":{"0":1,"1":1,"2":1},"f":{"0":1},"b":{},"_coverageSchema":"1a1c01bbd47fc00a2c39e90264f33305004495a9","hash":"2ee514e33a553a70a71ea397f26bf526c7cd45c3"}
,"/Users/heatherray/Desktop/RPP-2205/Atelier/client/src/components/helpers/calculateAverageRating.js": {"path":"/Users/heatherray/Desktop/RPP-2205/Atelier/client/src/components/helpers/calculateAverageRating.js","statementMap":{"0":{"start":{"line":1,"column":14},"end":{"line":1,"column":30}},"1":{"start":{"line":4,"column":31},"end":{"line":39,"column":1}},"2":{"start":{"line":5,"column":19},"end":{"line":5,"column":20}},"3":{"start":{"line":6,"column":19},"end":{"line":6,"column":20}},"4":{"start":{"line":8,"column":2},"end":{"line":36,"column":4}},"5":{"start":{"line":14,"column":18},"end":{"line":14,"column":37}},"6":{"start":{"line":16,"column":4},"end":{"line":18,"column":5}},"7":{"start":{"line":17,"column":6},"end":{"line":17,"column":15}},"8":{"start":{"line":20,"column":4},"end":{"line":23,"column":5}},"9":{"start":{"line":20,"column":16},"end":{"line":20,"column":17}},"10":{"start":{"line":21,"column":6},"end":{"line":21,"column":49}},"11":{"start":{"line":22,"column":6},"end":{"line":22,"column":44}},"12":{"start":{"line":25,"column":4},"end":{"line":30,"column":5}},"13":{"start":{"line":26,"column":6},"end":{"line":26,"column":15}},"14":{"start":{"line":28,"column":6},"end":{"line":28,"column":43}},"15":{"start":{"line":29,"column":6},"end":{"line":29,"column":24}},"16":{"start":{"line":33,"column":4},"end":{"line":33,"column":21}},"17":{"start":{"line":34,"column":4},"end":{"line":34,"column":22}},"18":{"start":{"line":38,"column":2},"end":{"line":38,"column":19}}},"fnMap":{"0":{"name":"(anonymous_0)","decl":{"start":{"line":4,"column":31},"end":{"line":4,"column":32}},"loc":{"start":{"line":4,"column":46},"end":{"line":39,"column":1}},"line":4},"1":{"name":"(anonymous_1)","decl":{"start":{"line":13,"column":8},"end":{"line":13,"column":9}},"loc":{"start":{"line":13,"column":18},"end":{"line":31,"column":3}},"line":13},"2":{"name":"(anonymous_2)","decl":{"start":{"line":32,"column":9},"end":{"line":32,"column":10}},"loc":{"start":{"line":32,"column":16},"end":{"line":36,"column":3}},"line":32}},"branchMap":{"0":{"loc":{"start":{"line":16,"column":4},"end":{"line":18,"column":5}},"type":"if","locations":[{"start":{"line":16,"column":4},"end":{"line":18,"column":5}},{"start":{},"end":{}}],"line":16},"1":{"loc":{"start":{"line":25,"column":4},"end":{"line":30,"column":5}},"type":"if","locations":[{"start":{"line":25,"column":4},"end":{"line":30,"column":5}},{"start":{"line":27,"column":11},"end":{"line":30,"column":5}}],"line":25}},"s":{"0":5,"1":5,"2":2,"3":2,"4":2,"5":2,"6":2,"7":0,"8":2,"9":2,"10":10,"11":10,"12":2,"13":0,"14":2,"15":2,"16":0,"17":0,"18":0},"f":{"0":2,"1":2,"2":0},"b":{"0":[0,2],"1":[0,2]},"_coverageSchema":"1a1c01bbd47fc00a2c39e90264f33305004495a9","hash":"4dc4bf9954238730c2623222f7d2b4d86a9014fa"}
,"/Users/heatherray/Desktop/RPP-2205/Atelier/client/src/components/helpers/stars.js": {"path":"/Users/heatherray/Desktop/RPP-2205/Atelier/client/src/components/helpers/stars.js","statementMap":{"0":{"start":{"line":6,"column":14},"end":{"line":38,"column":1}},"1":{"start":{"line":7,"column":19},"end":{"line":7,"column":21}},"2":{"start":{"line":8,"column":18},"end":{"line":8,"column":40}},"3":{"start":{"line":9,"column":18},"end":{"line":9,"column":53}},"4":{"start":{"line":10,"column":19},"end":{"line":10,"column":44}},"5":{"start":{"line":11,"column":2},"end":{"line":13,"column":3}},"6":{"start":{"line":12,"column":4},"end":{"line":12,"column":17}},"7":{"start":{"line":15,"column":2},"end":{"line":17,"column":3}},"8":{"start":{"line":15,"column":14},"end":{"line":15,"column":15}},"9":{"start":{"line":16,"column":4},"end":{"line":16,"column":47}},"10":{"start":{"line":19,"column":2},"end":{"line":25,"column":3}},"11":{"start":{"line":20,"column":4},"end":{"line":20,"column":55}},"12":{"start":{"line":21,"column":9},"end":{"line":25,"column":3}},"13":{"start":{"line":22,"column":4},"end":{"line":22,"column":47}},"14":{"start":{"line":23,"column":9},"end":{"line":25,"column":3}},"15":{"start":{"line":24,"column":4},"end":{"line":24,"column":50}},"16":{"start":{"line":27,"column":2},"end":{"line":29,"column":3}},"17":{"start":{"line":27,"column":14},"end":{"line":27,"column":15}},"18":{"start":{"line":28,"column":4},"end":{"line":28,"column":48}},"19":{"start":{"line":31,"column":2},"end":{"line":37,"column":3}},"20":{"start":{"line":34,"column":8},"end":{"line":34,"column":54}}},"fnMap":{"0":{"name":"(anonymous_0)","decl":{"start":{"line":6,"column":14},"end":{"line":6,"column":15}},"loc":{"start":{"line":6,"column":30},"end":{"line":38,"column":1}},"line":6},"1":{"name":"(anonymous_1)","decl":{"start":{"line":33,"column":22},"end":{"line":33,"column":23}},"loc":{"start":{"line":34,"column":8},"end":{"line":34,"column":54}},"line":34}},"branchMap":{"0":{"loc":{"start":{"line":11,"column":2},"end":{"line":13,"column":3}},"type":"if","locations":[{"start":{"line":11,"column":2},"end":{"line":13,"column":3}},{"start":{},"end":{}}],"line":11},"1":{"loc":{"start":{"line":11,"column":6},"end":{"line":11,"column":39}},"type":"binary-expr","locations":[{"start":{"line":11,"column":6},"end":{"line":11,"column":19}},{"start":{"line":11,"column":23},"end":{"line":11,"column":39}}],"line":11},"2":{"loc":{"start":{"line":19,"column":2},"end":{"line":25,"column":3}},"type":"if","locations":[{"start":{"line":19,"column":2},"end":{"line":25,"column":3}},{"start":{"line":21,"column":9},"end":{"line":25,"column":3}}],"line":19},"3":{"loc":{"start":{"line":21,"column":9},"end":{"line":25,"column":3}},"type":"if","locations":[{"start":{"line":21,"column":9},"end":{"line":25,"column":3}},{"start":{"line":23,"column":9},"end":{"line":25,"column":3}}],"line":21},"4":{"loc":{"start":{"line":23,"column":9},"end":{"line":25,"column":3}},"type":"if","locations":[{"start":{"line":23,"column":9},"end":{"line":25,"column":3}},{"start":{},"end":{}}],"line":23}},"s":{"0":4,"1":24,"2":24,"3":24,"4":24,"5":24,"6":0,"7":24,"8":24,"9":75,"10":24,"11":2,"12":22,"13":0,"14":22,"15":0,"16":24,"17":24,"18":43,"19":24,"20":120},"f":{"0":24,"1":120},"b":{"0":[0,24],"1":[24,2],"2":[2,22],"3":[0,22],"4":[0,22]},"_coverageSchema":"1a1c01bbd47fc00a2c39e90264f33305004495a9","hash":"3c0e8551aec17064dbeeceaa93b65e0618b3d6e8"}
,"/Users/heatherray/Desktop/RPP-2205/Atelier/client/src/components/ratings&reviews/PrctScaleChar.jsx": {"path":"/Users/heatherray/Desktop/RPP-2205/Atelier/client/src/components/ratings&reviews/PrctScaleChar.jsx","statementMap":{"0":{"start":{"line":4,"column":14},"end":{"line":11,"column":1}},"1":{"start":{"line":14,"column":14},"end":{"line":30,"column":1}},"2":{"start":{"line":26,"column":4},"end":{"line":26,"column":19}},"3":{"start":{"line":32,"column":22},"end":{"line":43,"column":1}},"4":{"start":{"line":34,"column":20},"end":{"line":36,"column":3}},"5":{"start":{"line":35,"column":4},"end":{"line":35,"column":40}},"6":{"start":{"line":38,"column":2},"end":{"line":42,"column":3}},"7":{"start":{"line":45,"column":20},"end":{"line":51,"column":1}},"8":{"start":{"line":53,"column":20},"end":{"line":64,"column":1}},"9":{"start":{"line":61,"column":2},"end":{"line":61,"column":17}},"10":{"start":{"line":66,"column":25},"end":{"line":74,"column":1}},"11":{"start":{"line":69,"column":2},"end":{"line":73,"column":3}}},"fnMap":{"0":{"name":"(anonymous_0)","decl":{"start":{"line":25,"column":15},"end":{"line":25,"column":16}},"loc":{"start":{"line":25,"column":30},"end":{"line":27,"column":3}},"line":25},"1":{"name":"(anonymous_1)","decl":{"start":{"line":32,"column":22},"end":{"line":32,"column":23}},"loc":{"start":{"line":32,"column":35},"end":{"line":43,"column":1}},"line":32},"2":{"name":"(anonymous_2)","decl":{"start":{"line":34,"column":20},"end":{"line":34,"column":21}},"loc":{"start":{"line":34,"column":26},"end":{"line":36,"column":3}},"line":34},"3":{"name":"(anonymous_3)","decl":{"start":{"line":60,"column":9},"end":{"line":60,"column":10}},"loc":{"start":{"line":60,"column":24},"end":{"line":62,"column":1}},"line":60},"4":{"name":"(anonymous_4)","decl":{"start":{"line":66,"column":25},"end":{"line":66,"column":26}},"loc":{"start":{"line":66,"column":38},"end":{"line":74,"column":1}},"line":66}},"branchMap":{},"s":{"0":1,"1":1,"2":8,"3":1,"4":8,"5":8,"6":8,"7":1,"8":1,"9":10,"10":1,"11":10},"f":{"0":8,"1":8,"2":8,"3":10,"4":10},"b":{},"_coverageSchema":"1a1c01bbd47fc00a2c39e90264f33305004495a9","hash":"e5990ea410b7348b5913ea8c60aab2168a0ea07f"}
,"/Users/heatherray/Desktop/RPP-2205/Atelier/client/src/components/ratings&reviews/RatingsBD.jsx": {"path":"/Users/heatherray/Desktop/RPP-2205/Atelier/client/src/components/ratings&reviews/RatingsBD.jsx","statementMap":{"0":{"start":{"line":10,"column":18},"end":{"line":110,"column":1}},"1":{"start":{"line":12,"column":19},"end":{"line":12,"column":61}},"2":{"start":{"line":14,"column":18},"end":{"line":23,"column":3}},"3":{"start":{"line":15,"column":16},"end":{"line":15,"column":17}},"4":{"start":{"line":16,"column":16},"end":{"line":16,"column":17}},"5":{"start":{"line":18,"column":4},"end":{"line":21,"column":5}},"6":{"start":{"line":19,"column":6},"end":{"line":19,"column":41}},"7":{"start":{"line":20,"column":6},"end":{"line":20,"column":42}},"8":{"start":{"line":22,"column":4},"end":{"line":22,"column":58}},"9":{"start":{"line":29,"column":13},"end":{"line":29,"column":37}},"10":{"start":{"line":30,"column":2},"end":{"line":37,"column":3}},"11":{"start":{"line":31,"column":15},"end":{"line":31,"column":30}},"12":{"start":{"line":32,"column":16},"end":{"line":32,"column":32}},"13":{"start":{"line":33,"column":18},"end":{"line":33,"column":36}},"14":{"start":{"line":34,"column":18},"end":{"line":34,"column":36}},"15":{"start":{"line":35,"column":17},"end":{"line":35,"column":34}},"16":{"start":{"line":36,"column":14},"end":{"line":36,"column":28}},"17":{"start":{"line":40,"column":4},"end":{"line":89,"column":11}},"18":{"start":{"line":93,"column":8},"end":{"line":108,"column":9}},"19":{"start":{"line":101,"column":18},"end":{"line":103,"column":29}}},"fnMap":{"0":{"name":"(anonymous_0)","decl":{"start":{"line":10,"column":18},"end":{"line":10,"column":19}},"loc":{"start":{"line":10,"column":56},"end":{"line":110,"column":1}},"line":10},"1":{"name":"(anonymous_1)","decl":{"start":{"line":14,"column":18},"end":{"line":14,"column":19}},"loc":{"start":{"line":14,"column":33},"end":{"line":23,"column":3}},"line":14},"2":{"name":"(anonymous_2)","decl":{"start":{"line":100,"column":65},"end":{"line":100,"column":66}},"loc":{"start":{"line":100,"column":75},"end":{"line":104,"column":17}},"line":100}},"branchMap":{"0":{"loc":{"start":{"line":12,"column":19},"end":{"line":12,"column":61}},"type":"binary-expr","locations":[{"start":{"line":12,"column":19},"end":{"line":12,"column":26}},{"start":{"line":12,"column":30},"end":{"line":12,"column":61}}],"line":12},"1":{"loc":{"start":{"line":22,"column":11},"end":{"line":22,"column":57}},"type":"cond-expr","locations":[{"start":{"line":22,"column":27},"end":{"line":22,"column":28}},{"start":{"line":22,"column":31},"end":{"line":22,"column":57}}],"line":22},"2":{"loc":{"start":{"line":30,"column":2},"end":{"line":37,"column":3}},"type":"if","locations":[{"start":{"line":30,"column":2},"end":{"line":37,"column":3}},{"start":{},"end":{}}],"line":30},"3":{"loc":{"start":{"line":31,"column":15},"end":{"line":31,"column":30}},"type":"binary-expr","locations":[{"start":{"line":31,"column":15},"end":{"line":31,"column":24}},{"start":{"line":31,"column":28},"end":{"line":31,"column":30}}],"line":31},"4":{"loc":{"start":{"line":32,"column":16},"end":{"line":32,"column":32}},"type":"binary-expr","locations":[{"start":{"line":32,"column":16},"end":{"line":32,"column":26}},{"start":{"line":32,"column":30},"end":{"line":32,"column":32}}],"line":32},"5":{"loc":{"start":{"line":33,"column":18},"end":{"line":33,"column":36}},"type":"binary-expr","locations":[{"start":{"line":33,"column":18},"end":{"line":33,"column":30}},{"start":{"line":33,"column":34},"end":{"line":33,"column":36}}],"line":33},"6":{"loc":{"start":{"line":34,"column":18},"end":{"line":34,"column":36}},"type":"binary-expr","locations":[{"start":{"line":34,"column":18},"end":{"line":34,"column":30}},{"start":{"line":34,"column":34},"end":{"line":34,"column":36}}],"line":34},"7":{"loc":{"start":{"line":35,"column":17},"end":{"line":35,"column":34}},"type":"binary-expr","locations":[{"start":{"line":35,"column":17},"end":{"line":35,"column":28}},{"start":{"line":35,"column":32},"end":{"line":35,"column":34}}],"line":35},"8":{"loc":{"start":{"line":36,"column":14},"end":{"line":36,"column":28}},"type":"binary-expr","locations":[{"start":{"line":36,"column":14},"end":{"line":36,"column":22}},{"start":{"line":36,"column":26},"end":{"line":36,"column":28}}],"line":36},"9":{"loc":{"start":{"line":40,"column":4},"end":{"line":89,"column":11}},"type":"cond-expr","locations":[{"start":{"line":41,"column":6},"end":{"line":88,"column":9}},{"start":{"line":89,"column":6},"end":{"line":89,"column":11}}],"line":40},"10":{"loc":{"start":{"line":42,"column":9},"end":{"line":48,"column":9}},"type":"binary-expr","locations":[{"start":{"line":42,"column":9},"end":{"line":42,"column":15}},{"start":{"line":43,"column":10},"end":{"line":47,"column":16}}],"line":42},"11":{"loc":{"start":{"line":50,"column":9},"end":{"line":56,"column":9}},"type":"binary-expr","locations":[{"start":{"line":50,"column":9},"end":{"line":50,"column":16}},{"start":{"line":51,"column":10},"end":{"line":55,"column":16}}],"line":50},"12":{"loc":{"start":{"line":58,"column":9},"end":{"line":64,"column":9}},"type":"binary-expr","locations":[{"start":{"line":58,"column":9},"end":{"line":58,"column":18}},{"start":{"line":59,"column":10},"end":{"line":63,"column":16}}],"line":58},"13":{"loc":{"start":{"line":66,"column":9},"end":{"line":72,"column":9}},"type":"binary-expr","locations":[{"start":{"line":66,"column":9},"end":{"line":66,"column":18}},{"start":{"line":67,"column":10},"end":{"line":71,"column":16}}],"line":66},"14":{"loc":{"start":{"line":74,"column":9},"end":{"line":80,"column":9}},"type":"binary-expr","locations":[{"start":{"line":74,"column":9},"end":{"line":74,"column":17}},{"start":{"line":75,"column":10},"end":{"line":79,"column":16}}],"line":74},"15":{"loc":{"start":{"line":82,"column":9},"end":{"line":87,"column":17}},"type":"binary-expr","locations":[{"start":{"line":82,"column":9},"end":{"line":82,"column":14}},{"start":{"line":83,"column":10},"end":{"line":87,"column":16}}],"line":82}},"s":{"0":1,"1":2,"2":2,"3":4,"4":4,"5":4,"6":20,"7":20,"8":4,"9":2,"10":2,"11":2,"12":2,"13":2,"14":2,"15":2,"16":2,"17":2,"18":2,"19":10},"f":{"0":2,"1":4,"2":10},"b":{"0":[2,0],"1":[0,4],"2":[2,0],"3":[2,2],"4":[2,2],"5":[2,0],"6":[2,0],"7":[2,0],"8":[2,0],"9":[2,0],"10":[2,0],"11":[2,0],"12":[2,2],"13":[2,2],"14":[2,2],"15":[2,2]},"_coverageSchema":"1a1c01bbd47fc00a2c39e90264f33305004495a9","hash":"a6964a3b16a21f2100578963c9f07a410a2fa906"}
,"/Users/heatherray/Desktop/RPP-2205/Atelier/client/src/components/ratings&reviews/RatingsReviews.jsx": {"path":"/Users/heatherray/Desktop/RPP-2205/Atelier/client/src/components/ratings&reviews/RatingsReviews.jsx","statementMap":{"0":{"start":{"line":9,"column":23},"end":{"line":30,"column":1}},"1":{"start":{"line":13,"column":2},"end":{"line":27,"column":3}}},"fnMap":{"0":{"name":"(anonymous_0)","decl":{"start":{"line":9,"column":23},"end":{"line":9,"column":24}},"loc":{"start":{"line":9,"column":71},"end":{"line":30,"column":1}},"line":9}},"branchMap":{},"s":{"0":1,"1":1},"f":{"0":1},"b":{},"_coverageSchema":"1a1c01bbd47fc00a2c39e90264f33305004495a9","hash":"f7f1431cf2b804e287fd7bf961928dd660f2697c"}
,"/Users/heatherray/Desktop/RPP-2205/Atelier/client/src/components/ratings&reviews/ReviewTile.jsx": {"path":"/Users/heatherray/Desktop/RPP-2205/Atelier/client/src/components/ratings&reviews/ReviewTile.jsx","statementMap":{"0":{"start":{"line":7,"column":19},"end":{"line":31,"column":1}},"1":{"start":{"line":8,"column":34},"end":{"line":8,"column":49}},"2":{"start":{"line":10,"column":13},"end":{"line":10,"column":23}},"3":{"start":{"line":11,"column":2},"end":{"line":13,"column":3}},"4":{"start":{"line":12,"column":4},"end":{"line":12,"column":39}},"5":{"start":{"line":15,"column":19},"end":{"line":15,"column":25}},"6":{"start":{"line":16,"column":2},"end":{"line":24,"column":3}},"7":{"start":{"line":17,"column":4},"end":{"line":17,"column":29}},"8":{"start":{"line":18,"column":23},"end":{"line":18,"column":49}},"9":{"start":{"line":19,"column":4},"end":{"line":23,"column":5}},"10":{"start":{"line":20,"column":6},"end":{"line":20,"column":51}},"11":{"start":{"line":22,"column":6},"end":{"line":22,"column":36}},"12":{"start":{"line":25,"column":2},"end":{"line":30,"column":4}},"13":{"start":{"line":28,"column":31},"end":{"line":28,"column":53}},"14":{"start":{"line":34,"column":19},"end":{"line":88,"column":1}},"15":{"start":{"line":36,"column":2},"end":{"line":40,"column":3}},"16":{"start":{"line":37,"column":4},"end":{"line":37,"column":91}},"17":{"start":{"line":39,"column":4},"end":{"line":39,"column":31}},"18":{"start":{"line":42,"column":19},"end":{"line":42,"column":64}},"19":{"start":{"line":44,"column":22},"end":{"line":59,"column":3}},"20":{"start":{"line":45,"column":4},"end":{"line":45,"column":23}},"21":{"start":{"line":46,"column":4},"end":{"line":58,"column":45}},"22":{"start":{"line":48,"column":8},"end":{"line":48,"column":56}},"23":{"start":{"line":49,"column":8},"end":{"line":56,"column":60}},"24":{"start":{"line":56,"column":27},"end":{"line":56,"column":56}},"25":{"start":{"line":58,"column":24},"end":{"line":58,"column":41}},"26":{"start":{"line":61,"column":2},"end":{"line":87,"column":3}},"27":{"start":{"line":70,"column":10},"end":{"line":72,"column":11}},"28":{"start":{"line":71,"column":12},"end":{"line":71,"column":45}},"29":{"start":{"line":73,"column":10},"end":{"line":76,"column":11}},"30":{"start":{"line":83,"column":35},"end":{"line":83,"column":78}},"31":{"start":{"line":84,"column":36},"end":{"line":84,"column":78}}},"fnMap":{"0":{"name":"(anonymous_0)","decl":{"start":{"line":7,"column":19},"end":{"line":7,"column":20}},"loc":{"start":{"line":7,"column":30},"end":{"line":31,"column":1}},"line":7},"1":{"name":"(anonymous_1)","decl":{"start":{"line":28,"column":25},"end":{"line":28,"column":26}},"loc":{"start":{"line":28,"column":31},"end":{"line":28,"column":53}},"line":28},"2":{"name":"(anonymous_2)","decl":{"start":{"line":34,"column":19},"end":{"line":34,"column":20}},"loc":{"start":{"line":34,"column":55},"end":{"line":88,"column":1}},"line":34},"3":{"name":"(anonymous_3)","decl":{"start":{"line":44,"column":22},"end":{"line":44,"column":23}},"loc":{"start":{"line":44,"column":46},"end":{"line":59,"column":3}},"line":44},"4":{"name":"(anonymous_4)","decl":{"start":{"line":47,"column":12},"end":{"line":47,"column":13}},"loc":{"start":{"line":47,"column":21},"end":{"line":57,"column":7}},"line":47},"5":{"name":"(anonymous_5)","decl":{"start":{"line":56,"column":16},"end":{"line":56,"column":17}},"loc":{"start":{"line":56,"column":25},"end":{"line":56,"column":58}},"line":56},"6":{"name":"(anonymous_6)","decl":{"start":{"line":58,"column":13},"end":{"line":58,"column":14}},"loc":{"start":{"line":58,"column":22},"end":{"line":58,"column":43}},"line":58},"7":{"name":"(anonymous_7)","decl":{"start":{"line":69,"column":27},"end":{"line":69,"column":28}},"loc":{"start":{"line":69,"column":45},"end":{"line":77,"column":9}},"line":69},"8":{"name":"(anonymous_8)","decl":{"start":{"line":83,"column":28},"end":{"line":83,"column":29}},"loc":{"start":{"line":83,"column":35},"end":{"line":83,"column":78}},"line":83},"9":{"name":"(anonymous_9)","decl":{"start":{"line":84,"column":29},"end":{"line":84,"column":30}},"loc":{"start":{"line":84,"column":36},"end":{"line":84,"column":78}},"line":84}},"branchMap":{"0":{"loc":{"start":{"line":11,"column":2},"end":{"line":13,"column":3}},"type":"if","locations":[{"start":{"line":11,"column":2},"end":{"line":13,"column":3}},{"start":{},"end":{}}],"line":11},"1":{"loc":{"start":{"line":16,"column":2},"end":{"line":24,"column":3}},"type":"if","locations":[{"start":{"line":16,"column":2},"end":{"line":24,"column":3}},{"start":{},"end":{}}],"line":16},"2":{"loc":{"start":{"line":19,"column":4},"end":{"line":23,"column":5}},"type":"if","locations":[{"start":{"line":19,"column":4},"end":{"line":23,"column":5}},{"start":{"line":21,"column":11},"end":{"line":23,"column":5}}],"line":19},"3":{"loc":{"start":{"line":36,"column":2},"end":{"line":40,"column":3}},"type":"if","locations":[{"start":{"line":36,"column":2},"end":{"line":40,"column":3}},{"start":{"line":38,"column":9},"end":{"line":40,"column":3}}],"line":36},"4":{"loc":{"start":{"line":70,"column":10},"end":{"line":72,"column":11}},"type":"if","locations":[{"start":{"line":70,"column":10},"end":{"line":72,"column":11}},{"start":{},"end":{}}],"line":70}},"s":{"0":1,"1":15,"2":15,"3":15,"4":15,"5":0,"6":0,"7":0,"8":0,"9":0,"10":0,"11":0,"12":0,"13":0,"14":1,"15":15,"16":13,"17":2,"18":15,"19":15,"20":0,"21":0,"22":0,"23":0,"24":0,"25":0,"26":15,"27":9,"28":0,"29":9,"30":0,"31":0},"f":{"0":15,"1":0,"2":15,"3":0,"4":0,"5":0,"6":0,"7":9,"8":0,"9":0},"b":{"0":[15,0],"1":[0,0],"2":[0,0],"3":[13,2],"4":[0,9]},"_coverageSchema":"1a1c01bbd47fc00a2c39e90264f33305004495a9","hash":"2468091e0b2c6593efa8e82b3417426a8aa5acc0"}
,"/Users/heatherray/Desktop/RPP-2205/Atelier/client/src/components/ratings&reviews/ReviewsList.jsx": {"path":"/Users/heatherray/Desktop/RPP-2205/Atelier/client/src/components/ratings&reviews/ReviewsList.jsx","statementMap":{"0":{"start":{"line":5,"column":20},"end":{"line":17,"column":1}},"1":{"start":{"line":7,"column":2},"end":{"line":16,"column":3}},"2":{"start":{"line":11,"column":8},"end":{"line":13,"column":9}}},"fnMap":{"0":{"name":"(anonymous_0)","decl":{"start":{"line":5,"column":20},"end":{"line":5,"column":21}},"loc":{"start":{"line":5,"column":48},"end":{"line":17,"column":1}},"line":5},"1":{"name":"(anonymous_1)","decl":{"start":{"line":10,"column":19},"end":{"line":10,"column":20}},"loc":{"start":{"line":10,"column":31},"end":{"line":14,"column":7}},"line":10}},"branchMap":{},"s":{"0":1,"1":2,"2":14},"f":{"0":2,"1":14},"b":{},"_coverageSchema":"1a1c01bbd47fc00a2c39e90264f33305004495a9","hash":"e01515fb097cd1a0443287182f082585ccab9876"}
,"/Users/heatherray/Desktop/RPP-2205/Atelier/client/src/components/ratings&reviews/ReviewsStyles.jsx": {"path":"/Users/heatherray/Desktop/RPP-2205/Atelier/client/src/components/ratings&reviews/ReviewsStyles.jsx","statementMap":{"0":{"start":{"line":4,"column":25},"end":{"line":7,"column":1}},"1":{"start":{"line":9,"column":23},"end":{"line":11,"column":1}},"2":{"start":{"line":13,"column":27},"end":{"line":15,"column":1}},"3":{"start":{"line":17,"column":25},"end":{"line":19,"column":1}},"4":{"start":{"line":25,"column":23},"end":{"line":28,"column":1}},"5":{"start":{"line":30,"column":24},"end":{"line":34,"column":1}},"6":{"start":{"line":36,"column":32},"end":{"line":39,"column":1}},"7":{"start":{"line":41,"column":22},"end":{"line":49,"column":1}},"8":{"start":{"line":51,"column":21},"end":{"line":57,"column":1}},"9":{"start":{"line":60,"column":20},"end":{"line":63,"column":1}},"10":{"start":{"line":65,"column":25},"end":{"line":70,"column":1}},"11":{"start":{"line":72,"column":21},"end":{"line":103,"column":1}},"12":{"start":{"line":105,"column":24},"end":{"line":108,"column":1}},"13":{"start":{"line":109,"column":24},"end":{"line":115,"column":1}},"14":{"start":{"line":117,"column":24},"end":{"line":130,"column":1}},"15":{"start":{"line":121,"column":4},"end":{"line":129,"column":3}},"16":{"start":{"line":132,"column":28},"end":{"line":136,"column":1}},"17":{"start":{"line":138,"column":27},"end":{"line":141,"column":1}}},"fnMap":{"0":{"name":"(anonymous_0)","decl":{"start":{"line":120,"column":4},"end":{"line":120,"column":5}},"loc":{"start":{"line":121,"column":4},"end":{"line":129,"column":3}},"line":121}},"branchMap":{"0":{"loc":{"start":{"line":121,"column":4},"end":{"line":129,"column":3}},"type":"cond-expr","locations":[{"start":{"line":122,"column":8},"end":{"line":122,"column":10}},{"start":{"line":123,"column":8},"end":{"line":129,"column":3}}],"line":121}},"s":{"0":1,"1":1,"2":1,"3":1,"4":1,"5":1,"6":1,"7":1,"8":1,"9":1,"10":1,"11":1,"12":1,"13":1,"14":1,"15":0,"16":1,"17":1},"f":{"0":0},"b":{"0":[0,0]},"_coverageSchema":"1a1c01bbd47fc00a2c39e90264f33305004495a9","hash":"a57a3c6033de53df4fc1d746635a552e8a1b98f1"}
,"/Users/heatherray/Desktop/RPP-2205/Atelier/client/src/components/relatedItems/ComparisonModal.jsx": {"path":"/Users/heatherray/Desktop/RPP-2205/Atelier/client/src/components/relatedItems/ComparisonModal.jsx","statementMap":{"0":{"start":{"line":5,"column":4},"end":{"line":5,"column":17}},"1":{"start":{"line":9,"column":4},"end":{"line":11,"column":11}}},"fnMap":{"0":{"name":"(anonymous_0)","decl":{"start":{"line":4,"column":2},"end":{"line":4,"column":3}},"loc":{"start":{"line":4,"column":21},"end":{"line":6,"column":3}},"line":4},"1":{"name":"(anonymous_1)","decl":{"start":{"line":8,"column":2},"end":{"line":8,"column":3}},"loc":{"start":{"line":8,"column":11},"end":{"line":12,"column":3}},"line":8}},"branchMap":{},"s":{"0":0,"1":0},"f":{"0":0,"1":0},"b":{},"_coverageSchema":"1a1c01bbd47fc00a2c39e90264f33305004495a9","hash":"f21613229b5ccbdfe5dd4682d94937609316fb15"}
,"/Users/heatherray/Desktop/RPP-2205/Atelier/client/src/components/relatedItems/Outfits.jsx": {"path":"/Users/heatherray/Desktop/RPP-2205/Atelier/client/src/components/relatedItems/Outfits.jsx","statementMap":{"0":{"start":{"line":6,"column":4},"end":{"line":6,"column":17}},"1":{"start":{"line":10,"column":4},"end":{"line":12,"column":11}}},"fnMap":{"0":{"name":"(anonymous_0)","decl":{"start":{"line":5,"column":2},"end":{"line":5,"column":3}},"loc":{"start":{"line":5,"column":21},"end":{"line":7,"column":3}},"line":5},"1":{"name":"(anonymous_1)","decl":{"start":{"line":9,"column":2},"end":{"line":9,"column":3}},"loc":{"start":{"line":9,"column":11},"end":{"line":13,"column":3}},"line":9}},"branchMap":{},"s":{"0":1,"1":1},"f":{"0":1,"1":1},"b":{},"_coverageSchema":"1a1c01bbd47fc00a2c39e90264f33305004495a9","hash":"3e5d7afb55fceb1d1759898df8fed92320d87c36"}
,"/Users/heatherray/Desktop/RPP-2205/Atelier/client/src/components/relatedItems/ProductCard.jsx": {"path":"/Users/heatherray/Desktop/RPP-2205/Atelier/client/src/components/relatedItems/ProductCard.jsx","statementMap":{"0":{"start":{"line":6,"column":14},"end":{"line":6,"column":30}},"1":{"start":{"line":10,"column":4},"end":{"line":10,"column":17}},"2":{"start":{"line":11,"column":4},"end":{"line":19,"column":5}},"3":{"start":{"line":24,"column":21},"end":{"line":24,"column":22}},"4":{"start":{"line":25,"column":21},"end":{"line":25,"column":22}},"5":{"start":{"line":26,"column":21},"end":{"line":26,"column":22}},"6":{"start":{"line":28,"column":4},"end":{"line":76,"column":6}},"7":{"start":{"line":34,"column":6},"end":{"line":34,"column":45}},"8":{"start":{"line":35,"column":6},"end":{"line":35,"column":37}},"9":{"start":{"line":37,"column":6},"end":{"line":37,"column":57}},"10":{"start":{"line":40,"column":6},"end":{"line":40,"column":26}},"11":{"start":{"line":42,"column":6},"end":{"line":46,"column":8}},"12":{"start":{"line":49,"column":29},"end":{"line":49,"column":34}},"13":{"start":{"line":50,"column":19},"end":{"line":50,"column":38}},"14":{"start":{"line":52,"column":6},"end":{"line":62,"column":7}},"15":{"start":{"line":53,"column":8},"end":{"line":61,"column":9}},"16":{"start":{"line":54,"column":10},"end":{"line":54,"column":47}},"17":{"start":{"line":55,"column":10},"end":{"line":55,"column":39}},"18":{"start":{"line":56,"column":10},"end":{"line":60,"column":11}},"19":{"start":{"line":57,"column":12},"end":{"line":57,"column":28}},"20":{"start":{"line":58,"column":12},"end":{"line":58,"column":42}},"21":{"start":{"line":59,"column":12},"end":{"line":59,"column":18}},"22":{"start":{"line":64,"column":6},"end":{"line":72,"column":9}},"23":{"start":{"line":75,"column":6},"end":{"line":75,"column":23}},"24":{"start":{"line":80,"column":4},"end":{"line":90,"column":11}}},"fnMap":{"0":{"name":"(anonymous_0)","decl":{"start":{"line":9,"column":2},"end":{"line":9,"column":3}},"loc":{"start":{"line":9,"column":21},"end":{"line":20,"column":3}},"line":9},"1":{"name":"(anonymous_1)","decl":{"start":{"line":22,"column":2},"end":{"line":22,"column":3}},"loc":{"start":{"line":22,"column":22},"end":{"line":77,"column":3}},"line":22},"2":{"name":"(anonymous_2)","decl":{"start":{"line":33,"column":10},"end":{"line":33,"column":11}},"loc":{"start":{"line":33,"column":20},"end":{"line":38,"column":5}},"line":33},"3":{"name":"(anonymous_3)","decl":{"start":{"line":39,"column":10},"end":{"line":39,"column":11}},"loc":{"start":{"line":39,"column":20},"end":{"line":47,"column":5}},"line":39},"4":{"name":"(anonymous_4)","decl":{"start":{"line":48,"column":10},"end":{"line":48,"column":11}},"loc":{"start":{"line":48,"column":20},"end":{"line":73,"column":5}},"line":48},"5":{"name":"(anonymous_5)","decl":{"start":{"line":74,"column":11},"end":{"line":74,"column":12}},"loc":{"start":{"line":74,"column":18},"end":{"line":76,"column":5}},"line":74},"6":{"name":"(anonymous_6)","decl":{"start":{"line":79,"column":2},"end":{"line":79,"column":3}},"loc":{"start":{"line":79,"column":11},"end":{"line":91,"column":3}},"line":79}},"branchMap":{"0":{"loc":{"start":{"line":53,"column":8},"end":{"line":61,"column":9}},"type":"if","locations":[{"start":{"line":53,"column":8},"end":{"line":61,"column":9}},{"start":{},"end":{}}],"line":53},"1":{"loc":{"start":{"line":56,"column":10},"end":{"line":60,"column":11}},"type":"if","locations":[{"start":{"line":56,"column":10},"end":{"line":60,"column":11}},{"start":{},"end":{}}],"line":56}},"s":{"0":3,"1":7,"2":7,"3":7,"4":7,"5":7,"6":7,"7":1,"8":1,"9":1,"10":1,"11":1,"12":1,"13":1,"14":1,"15":1,"16":1,"17":1,"18":1,"19":1,"20":1,"21":1,"22":1,"23":0,"24":7},"f":{"0":7,"1":7,"2":1,"3":1,"4":1,"5":0,"6":7},"b":{"0":[1,0],"1":[1,0]},"_coverageSchema":"1a1c01bbd47fc00a2c39e90264f33305004495a9","hash":"b5b2558a67e59caaf19d450155d46072d0539459"}
,"/Users/heatherray/Desktop/RPP-2205/Atelier/client/src/components/relatedItems/RelatedItems.jsx": {"path":"/Users/heatherray/Desktop/RPP-2205/Atelier/client/src/components/relatedItems/RelatedItems.jsx","statementMap":{"0":{"start":{"line":4,"column":14},"end":{"line":4,"column":30}},"1":{"start":{"line":9,"column":4},"end":{"line":9,"column":17}},"2":{"start":{"line":13,"column":4},"end":{"line":17,"column":11}}},"fnMap":{"0":{"name":"(anonymous_0)","decl":{"start":{"line":8,"column":2},"end":{"line":8,"column":3}},"loc":{"start":{"line":8,"column":21},"end":{"line":10,"column":3}},"line":8},"1":{"name":"(anonymous_1)","decl":{"start":{"line":12,"column":2},"end":{"line":12,"column":3}},"loc":{"start":{"line":12,"column":11},"end":{"line":18,"column":3}},"line":12}},"branchMap":{},"s":{"0":1,"1":1,"2":1},"f":{"0":1,"1":1},"b":{},"_coverageSchema":"1a1c01bbd47fc00a2c39e90264f33305004495a9","hash":"9ce78583fadd525c050fb15fedfb977c2b91f266"}
,"/Users/heatherray/Desktop/RPP-2205/Atelier/client/src/components/relatedItems/RelatedProducts.jsx": {"path":"/Users/heatherray/Desktop/RPP-2205/Atelier/client/src/components/relatedItems/RelatedProducts.jsx","statementMap":{"0":{"start":{"line":3,"column":14},"end":{"line":3,"column":30}},"1":{"start":{"line":7,"column":4},"end":{"line":7,"column":17}},"2":{"start":{"line":8,"column":4},"end":{"line":11,"column":5}},"3":{"start":{"line":13,"column":4},"end":{"line":13,"column":65}},"4":{"start":{"line":17,"column":4},"end":{"line":27,"column":6}},"5":{"start":{"line":23,"column":6},"end":{"line":23,"column":51}},"6":{"start":{"line":26,"column":6},"end":{"line":26,"column":23}},"7":{"start":{"line":31,"column":4},"end":{"line":31,"column":50}},"8":{"start":{"line":35,"column":4},"end":{"line":39,"column":11}},"9":{"start":{"line":38,"column":8},"end":{"line":38,"column":71}}},"fnMap":{"0":{"name":"(anonymous_0)","decl":{"start":{"line":6,"column":2},"end":{"line":6,"column":3}},"loc":{"start":{"line":6,"column":21},"end":{"line":14,"column":3}},"line":6},"1":{"name":"(anonymous_1)","decl":{"start":{"line":16,"column":2},"end":{"line":16,"column":3}},"loc":{"start":{"line":16,"column":32},"end":{"line":28,"column":3}},"line":16},"2":{"name":"(anonymous_2)","decl":{"start":{"line":22,"column":10},"end":{"line":22,"column":11}},"loc":{"start":{"line":22,"column":20},"end":{"line":24,"column":5}},"line":22},"3":{"name":"(anonymous_3)","decl":{"start":{"line":25,"column":11},"end":{"line":25,"column":12}},"loc":{"start":{"line":25,"column":18},"end":{"line":27,"column":5}},"line":25},"4":{"name":"(anonymous_4)","decl":{"start":{"line":30,"column":2},"end":{"line":30,"column":3}},"loc":{"start":{"line":30,"column":22},"end":{"line":32,"column":3}},"line":30},"5":{"name":"(anonymous_5)","decl":{"start":{"line":34,"column":2},"end":{"line":34,"column":3}},"loc":{"start":{"line":34,"column":11},"end":{"line":40,"column":3}},"line":34},"6":{"name":"(anonymous_6)","decl":{"start":{"line":37,"column":38},"end":{"line":37,"column":39}},"loc":{"start":{"line":38,"column":8},"end":{"line":38,"column":71}},"line":38}},"branchMap":{},"s":{"0":2,"1":2,"2":2,"3":2,"4":2,"5":0,"6":0,"7":2,"8":2,"9":6},"f":{"0":2,"1":2,"2":0,"3":0,"4":2,"5":2,"6":6},"b":{},"_coverageSchema":"1a1c01bbd47fc00a2c39e90264f33305004495a9","hash":"ad6887f680fcd35bc2a7e349458a616f2c8d1f35"}
,"/Users/heatherray/Desktop/RPP-2205/Atelier/test/ratings-reviews-tests/reviewsExamples/allReviewsEx.js": {"path":"/Users/heatherray/Desktop/RPP-2205/Atelier/test/ratings-reviews-tests/reviewsExamples/allReviewsEx.js","statementMap":{"0":{"start":{"line":1,"column":21},"end":{"line":105,"column":1}}},"fnMap":{},"branchMap":{},"s":{"0":1},"f":{},"b":{},"_coverageSchema":"1a1c01bbd47fc00a2c39e90264f33305004495a9","hash":"6b73080a61240d706d04885b8abbaacfcfec4997"}
,"/Users/heatherray/Desktop/RPP-2205/Atelier/test/ratings-reviews-tests/reviewsExamples/reviewsMetaData.js": {"path":"/Users/heatherray/Desktop/RPP-2205/Atelier/test/ratings-reviews-tests/reviewsExamples/reviewsMetaData.js","statementMap":{"0":{"start":{"line":1,"column":24},"end":{"line":32,"column":1}}},"fnMap":{},"branchMap":{},"s":{"0":1},"f":{},"b":{},"_coverageSchema":"1a1c01bbd47fc00a2c39e90264f33305004495a9","hash":"d73866afe55f68fae3baade0b0fa8edfd765888f"}
}
