TN:
SF:client/src/sum.js
FN:1,(anonymous_0)
FNF:1
FNH:1
FNDA:1,(anonymous_0)
DA:1,1
DA:2,1
DA:5,1
LF:3
LH:3
BRF:0
BRH:0
end_of_record
TN:
SF:client/src/components/helpers/calculateAverageRating.js
FN:4,(anonymous_0)
FN:13,(anonymous_1)
FN:32,(anonymous_2)
FNF:3
FNH:2
FNDA:2,(anonymous_0)
FNDA:2,(anonymous_1)
FNDA:0,(anonymous_2)
DA:1,5
DA:4,5
DA:5,2
DA:6,2
DA:8,2
DA:14,2
DA:16,2
DA:17,0
DA:20,2
DA:21,10
DA:22,10
DA:25,2
DA:26,0
DA:28,2
DA:29,2
DA:33,0
DA:34,0
DA:38,0
LF:18
LH:13
BRDA:16,0,0,0
BRDA:16,0,1,2
BRDA:25,1,0,0
BRDA:25,1,1,2
BRF:4
BRH:2
end_of_record
TN:
SF:client/src/components/helpers/stars.js
FN:6,(anonymous_0)
FN:33,(anonymous_1)
FNF:2
FNH:2
FNDA:24,(anonymous_0)
FNDA:120,(anonymous_1)
DA:6,4
DA:7,24
DA:8,24
DA:9,24
DA:10,24
DA:11,24
DA:12,0
DA:15,24
DA:16,75
DA:19,24
DA:20,2
DA:21,22
DA:22,0
DA:23,22
DA:24,0
DA:27,24
DA:28,43
DA:31,24
DA:34,120
LF:19
LH:16
BRDA:11,0,0,0
BRDA:11,0,1,24
BRDA:11,1,0,24
BRDA:11,1,1,2
BRDA:19,2,0,2
BRDA:19,2,1,22
BRDA:21,3,0,0
BRDA:21,3,1,22
BRDA:23,4,0,0
BRDA:23,4,1,22
BRF:10
BRH:7
end_of_record
TN:
SF:client/src/components/ratings&reviews/PrctScaleChar.jsx
FN:25,(anonymous_0)
FN:32,(anonymous_1)
FN:34,(anonymous_2)
FN:60,(anonymous_3)
FN:66,(anonymous_4)
FNF:5
FNH:5
FNDA:8,(anonymous_0)
FNDA:8,(anonymous_1)
FNDA:8,(anonymous_2)
FNDA:10,(anonymous_3)
FNDA:10,(anonymous_4)
DA:4,1
DA:14,1
DA:26,8
DA:32,1
DA:34,8
DA:35,8
DA:38,8
DA:45,1
DA:53,1
DA:61,10
DA:66,1
DA:69,10
LF:12
LH:12
BRF:0
BRH:0
end_of_record
TN:
SF:client/src/components/ratings&reviews/RatingsBD.jsx
FN:10,(anonymous_0)
FN:14,(anonymous_1)
FN:100,(anonymous_2)
FNF:3
FNH:3
FNDA:2,(anonymous_0)
FNDA:4,(anonymous_1)
FNDA:10,(anonymous_2)
DA:10,1
DA:12,2
DA:14,2
DA:15,4
DA:16,4
DA:18,4
DA:19,20
DA:20,20
DA:22,4
DA:29,2
DA:30,2
DA:31,2
DA:32,2
DA:33,2
DA:34,2
DA:35,2
DA:36,2
DA:40,2
DA:93,2
DA:101,10
LF:20
LH:20
BRDA:12,0,0,2
BRDA:12,0,1,0
BRDA:22,1,0,0
BRDA:22,1,1,4
BRDA:30,2,0,2
BRDA:30,2,1,0
BRDA:31,3,0,2
BRDA:31,3,1,2
BRDA:32,4,0,2
BRDA:32,4,1,2
BRDA:33,5,0,2
BRDA:33,5,1,0
BRDA:34,6,0,2
BRDA:34,6,1,0
BRDA:35,7,0,2
BRDA:35,7,1,0
BRDA:36,8,0,2
BRDA:36,8,1,0
BRDA:40,9,0,2
BRDA:40,9,1,0
BRDA:42,10,0,2
BRDA:42,10,1,0
BRDA:50,11,0,2
BRDA:50,11,1,0
BRDA:58,12,0,2
BRDA:58,12,1,2
BRDA:66,13,0,2
BRDA:66,13,1,2
BRDA:74,14,0,2
BRDA:74,14,1,2
BRDA:82,15,0,2
BRDA:82,15,1,2
BRF:32
BRH:22
end_of_record
TN:
SF:client/src/components/ratings&reviews/RatingsReviews.jsx
FN:9,(anonymous_0)
FNF:1
FNH:1
FNDA:1,(anonymous_0)
DA:9,1
DA:13,1
LF:2
LH:2
BRF:0
BRH:0
end_of_record
TN:
SF:client/src/components/ratings&reviews/ReviewTile.jsx
FN:7,(anonymous_0)
FN:28,(anonymous_1)
FN:34,(anonymous_2)
FN:44,(anonymous_3)
FN:47,(anonymous_4)
FN:56,(anonymous_5)
FN:58,(anonymous_6)
FN:69,(anonymous_7)
FN:83,(anonymous_8)
FN:84,(anonymous_9)
FNF:10
FNH:3
FNDA:15,(anonymous_0)
FNDA:0,(anonymous_1)
FNDA:15,(anonymous_2)
FNDA:0,(anonymous_3)
FNDA:0,(anonymous_4)
FNDA:0,(anonymous_5)
FNDA:0,(anonymous_6)
FNDA:9,(anonymous_7)
FNDA:0,(anonymous_8)
FNDA:0,(anonymous_9)
DA:7,1
DA:8,15
DA:10,15
DA:11,15
DA:12,15
DA:15,0
DA:16,0
DA:17,0
DA:18,0
DA:19,0
DA:20,0
DA:22,0
DA:25,0
DA:28,0
DA:34,1
DA:36,15
DA:37,13
DA:39,2
DA:42,15
DA:44,15
DA:45,0
DA:46,0
DA:48,0
DA:49,0
DA:56,0
DA:58,0
DA:61,15
DA:70,9
DA:71,0
DA:73,9
DA:83,0
DA:84,0
LF:32
LH:14
BRDA:11,0,0,15
BRDA:11,0,1,0
BRDA:16,1,0,0
BRDA:16,1,1,0
BRDA:19,2,0,0
BRDA:19,2,1,0
BRDA:36,3,0,13
BRDA:36,3,1,2
BRDA:70,4,0,0
BRDA:70,4,1,9
BRF:10
BRH:4
end_of_record
TN:
SF:client/src/components/ratings&reviews/ReviewsList.jsx
FN:5,(anonymous_0)
FN:10,(anonymous_1)
FNF:2
FNH:2
FNDA:2,(anonymous_0)
FNDA:14,(anonymous_1)
DA:5,1
DA:7,2
DA:11,14
LF:3
LH:3
BRF:0
BRH:0
end_of_record
TN:
SF:client/src/components/ratings&reviews/ReviewsStyles.jsx
FN:120,(anonymous_0)
FNF:1
FNH:0
FNDA:0,(anonymous_0)
DA:4,1
DA:9,1
DA:13,1
DA:17,1
DA:25,1
DA:30,1
DA:36,1
DA:41,1
DA:51,1
DA:60,1
DA:65,1
DA:72,1
DA:105,1
DA:109,1
DA:117,1
DA:121,0
DA:132,1
DA:138,1
LF:18
LH:17
BRDA:121,0,0,0
BRDA:121,0,1,0
BRF:2
BRH:0
end_of_record
TN:
SF:client/src/components/relatedItems/ComparisonModal.jsx
FN:4,(anonymous_0)
FN:8,(anonymous_1)
FNF:2
FNH:0
FNDA:0,(anonymous_0)
FNDA:0,(anonymous_1)
DA:5,0
DA:9,0
LF:2
LH:0
BRF:0
BRH:0
end_of_record
TN:
SF:client/src/components/relatedItems/Outfits.jsx
FN:5,(anonymous_0)
FN:9,(anonymous_1)
FNF:2
FNH:2
FNDA:1,(anonymous_0)
FNDA:1,(anonymous_1)
DA:6,1
DA:10,1
LF:2
LH:2
BRF:0
BRH:0
end_of_record
TN:
SF:client/src/components/relatedItems/ProductCard.jsx
FN:9,(anonymous_0)
FN:22,(anonymous_1)
FN:33,(anonymous_2)
FN:39,(anonymous_3)
FN:48,(anonymous_4)
FN:74,(anonymous_5)
FN:79,(anonymous_6)
FNF:7
FNH:6
FNDA:7,(anonymous_0)
FNDA:7,(anonymous_1)
FNDA:1,(anonymous_2)
FNDA:1,(anonymous_3)
FNDA:1,(anonymous_4)
FNDA:0,(anonymous_5)
FNDA:7,(anonymous_6)
DA:6,3
DA:10,7
DA:11,7
DA:24,7
DA:25,7
DA:26,7
DA:28,7
DA:34,1
DA:35,1
DA:37,1
DA:40,1
DA:42,1
DA:49,1
DA:50,1
DA:52,1
DA:53,1
DA:54,1
DA:55,1
DA:56,1
DA:57,1
DA:58,1
DA:59,1
DA:64,1
DA:75,0
DA:80,7
LF:25
LH:24
BRDA:53,0,0,1
BRDA:53,0,1,0
BRDA:56,1,0,1
BRDA:56,1,1,0
BRF:4
BRH:2
end_of_record
TN:
SF:client/src/components/relatedItems/RelatedItems.jsx
FN:8,(anonymous_0)
FN:12,(anonymous_1)
FNF:2
FNH:2
FNDA:1,(anonymous_0)
FNDA:1,(anonymous_1)
DA:4,1
DA:9,1
DA:13,1
LF:3
LH:3
BRF:0
BRH:0
end_of_record
TN:
SF:client/src/components/relatedItems/RelatedProducts.jsx
FN:6,(anonymous_0)
FN:16,(anonymous_1)
FN:22,(anonymous_2)
FN:25,(anonymous_3)
FN:30,(anonymous_4)
FN:34,(anonymous_5)
FN:37,(anonymous_6)
FNF:7
FNH:5
FNDA:2,(anonymous_0)
FNDA:2,(anonymous_1)
FNDA:0,(anonymous_2)
FNDA:0,(anonymous_3)
FNDA:2,(anonymous_4)
FNDA:2,(anonymous_5)
FNDA:6,(anonymous_6)
DA:3,2
DA:7,2
DA:8,2
DA:13,2
DA:17,2
DA:23,0
DA:26,0
DA:31,2
DA:35,2
DA:38,6
LF:10
LH:8
BRF:0
BRH:0
end_of_record
TN:
SF:test/ratings-reviews-tests/reviewsExamples/allReviewsEx.js
FNF:0
FNH:0
DA:1,1
LF:1
LH:1
BRF:0
BRH:0
end_of_record
TN:
SF:test/ratings-reviews-tests/reviewsExamples/reviewsMetaData.js
FNF:0
FNH:0
DA:1,1
LF:1
LH:1
BRF:0
BRH:0
end_of_record
